<?xml version="1.0" encoding="UTF-8"?>
<testExecutions version="1">
  <file path="D:\Linux file\github repo\CATSFront\src\app\components\filtre\filtre.component.spec.ts">
    <testCase name="FiltreComponent should create the component" duration="87"/>
  </file>
  <file path="D:\Linux file\github repo\CATSFront\src\app\pages\diagramme-repartition-appel\diagramme-repartition-appel.component.spec.ts">
    <testCase name="DiagrammeRepartitionAppelComponent should create" duration="120"/>
  </file>
  <file path="D:\Linux file\github repo\CATSFront\src\app\components\carte-indicateur\carte-indicateur.component.spec.ts">
    <testCase name="CarteIndicateurComponent should create the component" duration="148"/>
  </file>
  <file path="D:\Linux file\github repo\CATSFront\src\app\components\filtre-horaires-non-ouvres\filtre-horaires-non-ouvres.component.spec.ts">
    <testCase name="FiltreHorairesNonOuvresComponent should create the component" duration="173"/>
  </file>
  <file path="D:\Linux file\github repo\CATSFront\src\app\components\filtre-multi-selection\filtre-multi-selection.component.spec.ts">
    <testCase name="FiltreMultiSelectionComponent should create the component" duration="259"/>
  </file>
  <file path="D:\Linux file\github repo\CATSFront\src\app\components\filtre-date-heure\filtre-date-heure.component.spec.ts">
    <testCase name="FiltreDateHeureComponent should create the component" duration="126"/>
  </file>
  <file path="D:\Linux file\github repo\CATSFront\src\app\components\overlay-upload\overlay-upload.component.spec.ts">
    <testCase name="OverlayUploadComponent should create the component" duration="81"/>
  </file>
  <file path="D:\Linux file\github repo\CATSFront\src\app\pages\diagramme-attente-bulle\diagramme-attente-bulle.component.spec.ts">
    <testCase name="DiagrammeAttenteBulleComponent should create" duration="158"/>
  </file>
  <file path="D:\Linux file\github repo\CATSFront\src\app\pages\home\home.component.spec.ts">
    <testCase name="HomeComponent should create" duration="174"/>
  </file>
  <file path="D:\Linux file\github repo\CATSFront\src\app\pages\diagramme-com-agent\diagramme-com-agent.component.spec.ts">
    <testCase name="DiagrammeComAgentComponent should create" duration="105"/>
  </file>
  <file path="D:\Linux file\github repo\CATSFront\src\app\app.component.spec.ts">
    <testCase name="AppComponent should create the app" duration="120"/>
    <testCase name="AppComponent should have as title &apos;cats-front&apos;" duration="14"/>
  </file>
  <file path="D:\Linux file\github repo\CATSFront\src\app\components\menu-deroulant\menu-deroulant.component.spec.ts">
    <testCase name="DropdownComponent should create" duration="103"/>
  </file>
  <file path="D:\Linux file\github repo\CATSFront\src\app\pages\diagramme-nombre-appel\diagramme-nombre-appel.component.spec.ts">
    <testCase name="DiagrammeNombreAppelComponent should create" duration="88"/>
  </file>
  <file path="D:\Linux file\github repo\CATSFront\src\app\pages\diagramme-statut-appel\diagramme-statut-appel.component.spec.ts">
    <testCase name="StatusCallDiagramComponent should create" duration="96"/>
  </file>
  <file path="D:\Linux file\github repo\CATSFront\src\app\pages\indicateurs\diagramme-cartes\diagramme-cartes.component.spec.ts">
    <testCase name="DiagrammeCartesComponent should create the component" duration="104"/>
  </file>
  <file path="D:\Linux file\github repo\CATSFront\src\app\pages\diagramme-dissuasion-appel\diagramme-dissuasion-appel.component.spec.ts">
    <testCase name="StatusCallDiagramComponent should create" duration="70"/>
  </file>
  <file path="D:\Linux file\github repo\CATSFront\src\app\pages\diagramme-motif-fin-appel\diagramme-motif-fin-appel.component.spec.ts">
    <testCase name="MotiveEndCallDiagramComponent should create" duration="59"/>
  </file>
  <file path="D:\Linux file\github repo\CATSFront\src\app\pages\diagramme-repartition-abd-appel\diagramme-repartition-abd-appel.component.spec.ts">
    <testCase name="DiagrammeRepartitionAbdAppelComponent should create" duration="107"/>
  </file>
  <file path="D:\Linux file\github repo\CATSFront\src\app\pages\not-found\not-found.component.spec.ts">
    <testCase name="NotFoundComponent should create" duration="38"/>
  </file>
  <file path="D:\Linux file\github repo\CATSFront\src\app\components\champ-recherche\champ-recherche.component.spec.ts">
    <testCase name="ChampRechercheComponent should create the component" duration="32"/>
  </file>
</testExecutions>