<?xml version="1.0" encoding="UTF-8"?>
<testExecutions version="1">
  <file path="D:\Linux file\github repo\CATSFront\src\app\components\filtre-date-heure\filtre-date-heure.component.spec.ts">
    <testCase name="FiltreDateHeureComponent should create the component" duration="420"/>
    <testCase name="FiltreDateHeureComponent should correctly init" duration="109"/>
  </file>
</testExecutions>