<?xml version="1.0" encoding="UTF-8"?>
<testExecutions version="1">
  <file path="D:\Linux file\github repo\CATSFront\src\app\pages\graph-cheminement-appel\graph-cheminement-appel.component.spec.ts">
    <testCase name="GraphCheminementAppelComponent should create" duration="84"/>
    <testCase name="GraphCheminementAppelComponent should initialize data on init" duration="17"/>
    <testCase name="GraphCheminementAppelComponent should call postCheminementAppel on data initialization" duration="14"/>
    <testCase name="GraphCheminementAppelComponent should call ngOnChange on data initialization" duration="15"/>
  </file>
</testExecutions>