<?xml version="1.0" encoding="UTF-8"?>
<testExecutions version="1">
  <file path="D:\Linux file\github repo\CATSFront\src\app\components\filtre-horaires-non-ouvres\filtre-horaires-non-ouvres.component.spec.ts">
    <testCase name="FiltreHorairesNonOuvresComponent should create the component" duration="92"/>
  </file>
  <file path="D:\Linux file\github repo\CATSFront\src\app\pages\diagramme-attente-bulle\diagramme-attente-bulle.component.spec.ts">
    <testCase name="DiagrammeAttenteBulleComponent should create" duration="126"/>
  </file>
  <file path="D:\Linux file\github repo\CATSFront\src\app\components\carte-indicateur\carte-indicateur.component.spec.ts">
    <testCase name="CarteIndicateurComponent should create the component" duration="153"/>
  </file>
  <file path="D:\Linux file\github repo\CATSFront\src\app\components\filtre-multi-selection\filtre-multi-selection.component.spec.ts">
    <testCase name="FiltreMultiSelectionComponent should create the component" duration="211"/>
  </file>
  <file path="D:\Linux file\github repo\CATSFront\src\app\pages\diagramme-repartition-appel\diagramme-repartition-appel.component.spec.ts">
    <testCase name="DiagrammeRepartitionAppelComponent should create" duration="146"/>
  </file>
  <file path="D:\Linux file\github repo\CATSFront\src\app\components\menu-deroulant\menu-deroulant.component.spec.ts">
    <testCase name="DropdownComponent should create" duration="130"/>
  </file>
  <file
    path="D:\Linux file\github repo\CATSFront\src\app\pages\diagramme-nombre-appel\diagramme-nombre-appel.component.spec.ts">
    <testCase name="DiagrammeNombreAppelComponent should create" duration="116"/>
  </file>
  <file
    path="D:\Linux file\github repo\CATSFront\src\app\pages\diagramme-statut-appel\diagramme-statut-appel.component.spec.ts">
    <testCase name="StatusCallDiagramComponent should create" duration="66"/>
  </file>
  <file
    path="D:\Linux file\github repo\CATSFront\src\app\pages\diagramme-com-agent\diagramme-com-agent.component.spec.ts">
    <testCase name="DiagrammeComAgentComponent should create" duration="110"/>
  </file>
  <file
    path="D:\Linux file\github repo\CATSFront\src\app\pages\diagramme-motif-fin-appel\diagramme-motif-fin-appel.component.spec.ts">
    <testCase name="MotiveEndCallDiagramComponent should create" duration="82"/>
  </file>
  <file path="D:\Linux file\github repo\CATSFront\src\app\pages\home\home.component.spec.ts">
    <testCase name="HomeComponent should create" duration="180"/>
  </file>

  <file path="D:\Linux file\github repo\CATSFront\src\app\pages\diagramme-statut-appel\diagramme-statut-appel.component.spec.ts">
    <testCase name="StatusCallDiagramComponent should create" duration="76"/>
  </file>
  <file path="D:\Linux file\github repo\CATSFront\src\app\components\overlay-upload\overlay-upload.component.spec.ts">
    <testCase name="OverlayUploadComponent should create the component" duration="88"/>
  </file>
  <file path="D:\Linux file\github repo\CATSFront\src\app\components\champ-recherche\champ-recherche.component.spec.ts">
    <testCase name="ChampRechercheComponent should create the component" duration="83"/>
  </file>
  <file path="D:\Linux file\github repo\CATSFront\src\app\components\menu-deroulant\menu-deroulant.component.spec.ts">
    <testCase name="DropdownComponent should create" duration="115"/>
  </file>
  <file path="D:\Linux file\github repo\CATSFront\src\app\pages\diagramme-motif-fin-appel\diagramme-motif-fin-appel.component.spec.ts">
    <testCase name="MotiveEndCallDiagramComponent should create" duration="148"/>
  </file>
  <file path="D:\Linux file\github repo\CATSFront\src\app\pages\not-found\not-found.component.spec.ts">
    <testCase name="NotFoundComponent should create" duration="119"/>
  </file>
  <file path="D:\Linux file\github repo\CATSFront\src\app\pages\graph-cheminement-appel\graph-cheminement-appel.component.spec.ts">
  </file>
  <file path="D:\Linux file\github repo\CATSFront\src\app\pages\diagramme-dissuasion-appel\diagramme-dissuasion-appel.component.spec.ts">
    <testCase name="StatusCallDiagramComponent should create" duration="126"/>
  </file>
  <file path="D:\Linux file\github repo\CATSFront\src\app\pages\indicateurs\diagramme-cartes\diagramme-cartes.component.spec.ts">
    <testCase name="DiagrammeCartesComponent should create the component" duration="181"/>
  </file>
  <file path="D:\Linux file\github repo\CATSFront\src\app\components\filtre\filtre.component.spec.ts">
    <testCase name="FiltreComponent should create the component" duration="154"/>
    <testCase name="FiltreComponent should have inputs" duration="24"/>
    <testCase name="FiltreComponent should call the reinitialisation function on reset button click" duration="19"/>
    <testCase name="FiltreComponent should call the confirmation function on confirm button click" duration="14"/>
    <testCase name="FiltreComponent should display the transcluded content" duration="13"/>
  </file>
  <file path="D:\Linux file\github repo\CATSFront\src\app\app.component.spec.ts">
    <testCase name="AppComponent should create the app" duration="99"/>
    <testCase name="AppComponent should have as title &apos;cats-front&apos;" duration="12"/>
  </file>
  <file path="D:\Linux file\github repo\CATSFront\src\app\pages\diagramme-nombre-appel\diagramme-nombre-appel.component.spec.ts">
  </file>
  <file path="D:\Linux file\github repo\CATSFront\src\app\pages\diagramme-com-agent\diagramme-com-agent.component.spec.ts">
  </file>
</testExecutions>
