<?xml version="1.0" encoding="UTF-8"?>
<testExecutions version="1">
  <file path="D:\Linux file\github repo\CATSFront\src\app\components\filtre-multi-selection\filtre-multi-selection.component.spec.ts">
    <testCase name="FiltreMultiSelectionComponent should create the component" duration="190"/>
  </file>
  <file path="D:\Linux file\github repo\CATSFront\src\app\app.component.spec.ts">
    <testCase name="AppComponent should create the app" duration="167"/>
    <testCase name="AppComponent should have as title &apos;cats-front&apos;" duration="16"/>
  </file>
  <file path="D:\Linux file\github repo\CATSFront\src\app\components\filtre-horaires-non-ouvres\filtre-horaires-non-ouvres.component.spec.ts">
    <testCase name="FiltreHorairesNonOuvresComponent should create the component" duration="145"/>
  </file>
  <file path="D:\Linux file\github repo\CATSFront\src\app\pages\diagramme-repartition-appel\diagramme-repartition-appel.component.spec.ts">
    <testCase name="DiagrammeRepartitionAppelComponent should create" duration="150"/>
  </file>
  <file path="D:\Linux file\github repo\CATSFront\src\app\pages\diagramme-attente-bulle\diagramme-attente-bulle.component.spec.ts">
    <testCase name="DiagrammeAttenteBulleComponent should create" duration="128"/>
  </file>
  <file path="D:\Linux file\github repo\CATSFront\src\app\components\filtre-date-heure\filtre-date-heure.component.spec.ts">
    <testCase name="FiltreDateHeureComponent should create the component" duration="105"/>
  </file>
  <file path="D:\Linux file\github repo\CATSFront\src\app\pages\diagramme-repartition-abd-appel\diagramme-repartition-abd-appel.component.spec.ts">
    <testCase name="DiagrammeRepartitionAbdAppelComponent should create" duration="83"/>
  </file>
  <file path="D:\Linux file\github repo\CATSFront\src\app\components\carte-indicateur\carte-indicateur.component.spec.ts">
    <testCase name="CarteIndicateurComponent should create the component" duration="98"/>
  </file>
  <file path="D:\Linux file\github repo\CATSFront\src\app\components\overlay-upload\overlay-upload.component.spec.ts">
    <testCase name="OverlayUploadComponent should create the component" duration="78"/>
  </file>
  <file path="D:\Linux file\github repo\CATSFront\src\app\components\champ-recherche\champ-recherche.component.spec.ts">
    <testCase name="ChampRechercheComponent should create the component" duration="60"/>
  </file>
  <file path="D:\Linux file\github repo\CATSFront\src\app\components\menu-deroulant\menu-deroulant.component.spec.ts">
    <testCase name="DropdownComponent should create" duration="130"/>
  </file>
  <file path="D:\Linux file\github repo\CATSFront\src\app\pages\diagramme-nombre-appel\diagramme-nombre-appel.component.spec.ts">
    <testCase name="DiagrammeNombreAppelComponent should create" duration="116"/>
  </file>
  <file path="D:\Linux file\github repo\CATSFront\src\app\pages\diagramme-statut-appel\diagramme-statut-appel.component.spec.ts">
    <testCase name="StatusCallDiagramComponent should create" duration="66"/>
  </file>
  <file path="D:\Linux file\github repo\CATSFront\src\app\pages\diagramme-com-agent\diagramme-com-agent.component.spec.ts">
    <testCase name="DiagrammeComAgentComponent should create" duration="110"/>
  </file>
  <file path="D:\Linux file\github repo\CATSFront\src\app\pages\diagramme-motif-fin-appel\diagramme-motif-fin-appel.component.spec.ts">
    <testCase name="MotiveEndCallDiagramComponent should create" duration="82"/>
  </file>
  <file path="D:\Linux file\github repo\CATSFront\src\app\pages\home\home.component.spec.ts">
    <testCase name="HomeComponent should create" duration="119"/>
  </file>
  <file path="D:\Linux file\github repo\CATSFront\src\app\pages\diagramme-dissuasion-appel\diagramme-dissuasion-appel.component.spec.ts">
    <testCase name="StatusCallDiagramComponent should create" duration="43"/>
  </file>
  <file path="D:\Linux file\github repo\CATSFront\src\app\pages\indicateurs\diagramme-cartes\diagramme-cartes.component.spec.ts">
    <testCase name="DiagrammeCartesComponent should create the component" duration="48"/>
  </file>
  <file path="D:\Linux file\github repo\CATSFront\src\app\components\filtre\filtre.component.spec.ts">
    <testCase name="FiltreComponent should create the component" duration="54"/>
    <testCase name="FiltreComponent should have inputs" duration="17"/>
    <testCase name="FiltreComponent should call the reinitialisation function on reset button click" duration="10"/>
    <testCase name="FiltreComponent should call the confirmation function on confirm button click" duration="9"/>
    <testCase name="FiltreComponent should display the transcluded content" duration="6"/>
  </file>
  <file path="D:\Linux file\github repo\CATSFront\src\app\pages\not-found\not-found.component.spec.ts">
    <testCase name="NotFoundComponent should create" duration="25"/>
  </file>
</testExecutions>