<?xml version="1.0" encoding="UTF-8"?>
<testExecutions version="1">
  <file path="D:\Linux file\github repo\CATSFront\src\app\app.component.spec.ts">
    <testCase name="AppComponent should create the app" duration="161"/>
    <testCase name="AppComponent should have as title &apos;ReC&apos;Appel&apos;" duration="29"/>
  </file>
  <file path="D:\Linux file\github repo\CATSFront\src\app\pages\home\home.component.spec.ts">
    <testCase name="HomeComponent should create" duration="175"/>
    <testCase name="HomeComponent should initialize data on init" duration="53"/>
    <testCase name="HomeComponent should call postNombreAppels on data initialization" duration="26"/>
  </file>
  <file path="D:\Linux file\github repo\CATSFront\src\app\pages\diagramme-repartition-appel\diagramme-repartition-appel.component.spec.ts">
    <testCase name="DiagrammeRepartitionAppelComponent should create" duration="193"/>
    <testCase name="DiagrammeRepartitionAppelComponent should " duration="20"/>
  </file>
  <file path="D:\Linux file\github repo\CATSFront\src\app\components\filtre-multi-selection\filtre-multi-selection.component.spec.ts">
    <testCase name="FiltreMultiSelectionComponent should create the component" duration="260"/>
    <testCase name="FiltreMultiSelectionComponent should call ngOnInit" duration="42"/>
    <testCase name="FiltreMultiSelectionComponent should init with correct values" duration="29"/>
  </file>
  <file path="D:\Linux file\github repo\CATSFront\src\app\pages\diagramme-attente-bulle\diagramme-attente-bulle.component.spec.ts">
    <testCase name="DiagrammeAttenteBulleComponent should create" duration="216"/>
  </file>
  <file path="D:\Linux file\github repo\CATSFront\src\app\components\filtre-date-heure\filtre-date-heure.component.spec.ts">
    <testCase name="FiltreDateHeureComponent should create the component" duration="100"/>
    <testCase name="FiltreDateHeureComponent should correctly init" duration="27"/>
    <testCase name="FiltreDateHeureComponent should correctly reinitisalize values when reinitialiserValeurs is called" duration="15"/>
  </file>
  <file path="D:\Linux file\github repo\CATSFront\src\app\components\carte-indicateur\carte-indicateur.component.spec.ts">
    <testCase name="CarteIndicateurComponent should create the component" duration="142"/>
    <testCase name="CarteIndicateurComponent should display the title" duration="28"/>
  </file>
  <file path="D:\Linux file\github repo\CATSFront\src\app\pages\diagramme-motif-fin-appel\diagramme-motif-fin-appel.component.spec.ts">
    <testCase name="MotiveEndCallDiagramComponent should create" duration="91"/>
  </file>
  <file path="D:\Linux file\github repo\CATSFront\src\app\components\champ-recherche\champ-recherche.component.spec.ts">
    <testCase name="ChampRechercheComponent should create the component" duration="87"/>
  </file>
  <file path="D:\Linux file\github repo\CATSFront\src\app\pages\indicateurs\diagramme-cartes\diagramme-cartes.component.spec.ts">
    <testCase name="DiagrammeCartesComponent should create the component" duration="114"/>
    <testCase name="DiagrammeCartesComponent should initialize data on init" duration="71"/>
  </file>
  <file path="D:\Linux file\github repo\CATSFront\src\app\pages\graph-cheminement-appel\graph-cheminement-appel.component.spec.ts">
    <testCase name="GraphCheminementAppelComponent should create" duration="81"/>
    <testCase name="GraphCheminementAppelComponent should initialize data on init" duration="17"/>
    <testCase name="GraphCheminementAppelComponent should call postCheminementAppel on data initialization" duration="23"/>
    <testCase name="GraphCheminementAppelComponent should call ngOnChange on data initialization" duration="31"/>
    <testCase name="GraphCheminementAppelComponent should return the correct node ID" duration="45"/>
    <testCase name="GraphCheminementAppelComponent should return the max number of appel" duration="15"/>
  </file>
  <file path="D:\Linux file\github repo\CATSFront\src\app\components\filtre\filtre.component.spec.ts">
    <testCase name="FiltreComponent should create the component" duration="97"/>
    <testCase name="FiltreComponent should have inputs" duration="19"/>
    <testCase name="FiltreComponent should call the reinitialisation function on reset button click" duration="22"/>
    <testCase name="FiltreComponent should call the confirmation function on confirm button click" duration="17"/>
    <testCase name="FiltreComponent should display the transcluded content" duration="12"/>
  </file>
  <file path="D:\Linux file\github repo\CATSFront\src\app\pages\diagramme-statut-appel\diagramme-statut-appel.component.spec.ts">
    <testCase name="StatusCallDiagramComponent should create" duration="82"/>
  </file>
  <file path="D:\Linux file\github repo\CATSFront\src\app\pages\not-found\not-found.component.spec.ts">
    <testCase name="NotFoundComponent should create" duration="96"/>
    <testCase name="NotFoundComponent should have a title" duration="10"/>
    <testCase name="NotFoundComponent should have a message" duration="29"/>
    <testCase name="NotFoundComponent should have a link to the home page" duration="12"/>
  </file>
  <file path="D:\Linux file\github repo\CATSFront\src\app\pages\diagramme-dissuasion-appel\diagramme-dissuasion-appel.component.spec.ts">
    <testCase name="StatusCallDiagramComponent should create" duration="50"/>
  </file>
  <file path="D:\Linux file\github repo\CATSFront\src\app\components\overlay-upload\overlay-upload.component.spec.ts">
    <testCase name="OverlayUploadComponent should create the component" duration="71"/>
  </file>
  <file path="D:\Linux file\github repo\CATSFront\src\app\components\filtre-horaires-non-ouvres\filtre-horaires-non-ouvres.component.spec.ts">
    <testCase name="FiltreHorairesNonOuvresComponent should create the component" duration="74"/>
  </file>
  <file path="D:\Linux file\github repo\CATSFront\src\app\components\menu-deroulant\menu-deroulant.component.spec.ts">
    <testCase name="DropdownComponent should create" duration="115"/>
    <testCase name="DropdownComponent should init with correct data" duration="21"/>
    <testCase name="DropdownComponent should set caisse with correct data" duration="10"/>
    <testCase name="DropdownComponent should return caisses with correct data" duration="12"/>
    <testCase name="DropdownComponent should invert ouvree parameter" duration="7"/>
    <testCase name="DropdownComponent should set ouvree parameter on false" duration="8"/>
  </file>
  <file path="D:\Linux file\github repo\CATSFront\src\app\pages\diagramme-nombre-appel\diagramme-nombre-appel.component.spec.ts">
  </file>
  <file path="D:\Linux file\github repo\CATSFront\src\app\pages\diagramme-com-agent\diagramme-com-agent.component.spec.ts">
  </file>
</testExecutions>