<?xml version="1.0" encoding="UTF-8"?>
<testExecutions version="1">
  <file path="D:\Linux file\github repo\CATSFront\src\app\components\filtre-multi-selection\filtre-multi-selection.component.spec.ts">
    <testCase name="FiltreMultiSelectionComponent should create the component" duration="265"/>
    <testCase name="FiltreMultiSelectionComponent should call ngOnInit" duration="42"/>
    <testCase name="FiltreMultiSelectionComponent should init with correct values" duration="43"/>
  </file>
</testExecutions>