<?xml version="1.0" encoding="UTF-8"?>
<testExecutions version="1">
  <file path="D:\Linux file\github repo\CATSFront\src\app\pages\indicateurs\diagramme-cartes\diagramme-cartes.component.spec.ts">
    <testCase name="DiagrammeCartesComponent should create the component" duration="376"/>
    <testCase name="DiagrammeCartesComponent should initialize data on init" duration="36"/>
  </file>
</testExecutions>