<?xml version="1.0" encoding="UTF-8"?>
<testExecutions version="1">
  <file path="D:\Linux file\github repo\CATSFront\src\app\pages\diagramme-com-agent\diagramme-com-agent.component.spec.ts">
    <testCase name="DiagrammeComAgentComponent should create" duration="226"/>
    <testCase name="DiagrammeComAgentComponent should should update the data correctly" duration="24"/>
  </file>
</testExecutions>