<?xml version="1.0" encoding="UTF-8"?>
<testExecutions version="1">
  <file path="D:\Linux file\github repo\CATSFront\src\app\pages\not-found\not-found.component.spec.ts">
    <testCase name="NotFoundComponent should create" duration="310"/>
    <testCase name="NotFoundComponent should have a title" duration="16"/>
    <testCase name="NotFoundComponent should have a message" duration="15"/>
    <testCase name="NotFoundComponent should have a link to the home page" duration="13"/>
  </file>
</testExecutions>