<?xml version="1.0" encoding="UTF-8"?>
<testExecutions version="1">
  <file path="D:\Linux file\github repo\CATSFront\src\app\components\menu-deroulant\menu-deroulant.component.spec.ts">
    <testCase name="DropdownComponent should create" duration="248"/>
    <testCase name="DropdownComponent should init with correct data" duration="18"/>
  </file>
</testExecutions>